2019.05.13 19:26:55
Имя: значение не указано
Телефон: 103
Адрес страницы: http://lp2.local/

2019.05.13 19:36:48
Имя: значение не указано
Телефон: 103
Адрес страницы: http://lp2.local/

2019.05.13 19:38:31
Имя: значение не указано
Телефон: 103
Адрес страницы: http://lp2.local/

2019.05.13 19:43:27
Имя: тест
Телефон: 103
Дополнительная информация: Услуга 4
Адрес страницы: http://lp2.local/

2019.05.13 19:59:50
Имя: значение не указано
Телефон: 103
Почта: значение не указано
Сообщение: значение не указано
Адрес страницы: http://lp2.local/

2019.05.13 20:00:34
Имя: значение не указано
Телефон: 103
Почта: значение не указано
Сообщение: значение не указано
Адрес страницы: http://lp2.local/

2019.05.13 20:23:12
Имя: weqerqer
Телефон: werwer
Почта: значение не указано
Сообщение: значение не указано
Адрес страницы: http://lp2.local/

2019.05.13 20:27:33
Имя111: значение не указано
Телефон: 65465456
Почта: значение не указано
Сообщение: значение не указано
Адрес страницы: http://lp2.local/

2019.05.29 19:26:30
Имя: значение не указано
Телефон: 103
Дополнительная информация: Услуга 1
Адрес страницы: http://lp2.local/portfolio

